{"/home/petrovich0103/Projects/node-dashboard-api/src/app.ts": {"path":"/home/petrovich0103/Projects/node-dashboard-api/src/app.ts","statementMap":{"0":{"start":{"line":1,"column":0},"end":{"line":1,"column":43}},"1":{"start":{"line":3,"column":0},"end":{"line":3,"column":47}},"2":{"start":{"line":6,"column":0},"end":{"line":6,"column":32}},"3":{"start":{"line":7,"column":0},"end":{"line":7,"column":26}},"4":{"start":{"line":9,"column":0},"end":{"line":9,"column":57}},"5":{"start":{"line":10,"column":0},"end":{"line":10,"column":58}},"6":{"start":{"line":11,"column":0},"end":{"line":11,"column":58}},"7":{"start":{"line":14,"column":0},"end":{"line":59,"column":null}},"8":{"start":{"line":20,"column":33},"end":{"line":20,"column":48}},"9":{"start":{"line":21,"column":40},"end":{"line":21,"column":56}},"10":{"start":{"line":22,"column":42},"end":{"line":22,"column":75}},"11":{"start":{"line":23,"column":39},"end":{"line":23,"column":68}},"12":{"start":{"line":24,"column":39},"end":{"line":24,"column":54}},"13":{"start":{"line":26,"column":2},"end":{"line":26,"column":23}},"14":{"start":{"line":27,"column":2},"end":{"line":27,"column":19}},"15":{"start":{"line":31,"column":2},"end":{"line":31,"column":31}},"16":{"start":{"line":33,"column":25},"end":{"line":33,"column":81}},"17":{"start":{"line":34,"column":2},"end":{"line":34,"column":60}},"18":{"start":{"line":38,"column":2},"end":{"line":38,"column":53}},"19":{"start":{"line":42,"column":2},"end":{"line":42,"column":70}},"20":{"start":{"line":46,"column":2},"end":{"line":46,"column":23}},"21":{"start":{"line":47,"column":2},"end":{"line":47,"column":19}},"22":{"start":{"line":48,"column":2},"end":{"line":48,"column":28}},"23":{"start":{"line":50,"column":2},"end":{"line":50,"column":37}},"24":{"start":{"line":52,"column":2},"end":{"line":52,"column":43}},"25":{"start":{"line":53,"column":2},"end":{"line":53,"column":69}},"26":{"start":{"line":57,"column":2},"end":{"line":57,"column":22}},"27":{"start":{"line":14,"column":13},"end":{"line":59,"column":null}},"28":{"start":{"line":14,"column":13},"end":{"line":14,"column":16}}},"fnMap":{"0":{"name":"(anonymous_12)","decl":{"start":{"line":19,"column":1},"end":{"line":19,"column":null}},"loc":{"start":{"line":24,"column":67},"end":{"line":28,"column":2}}},"1":{"name":"(anonymous_13)","decl":{"start":{"line":30,"column":1},"end":{"line":30,"column":14}},"loc":{"start":{"line":30,"column":14},"end":{"line":35,"column":2}}},"2":{"name":"(anonymous_14)","decl":{"start":{"line":37,"column":1},"end":{"line":37,"column":10}},"loc":{"start":{"line":37,"column":10},"end":{"line":39,"column":2}}},"3":{"name":"(anonymous_15)","decl":{"start":{"line":41,"column":1},"end":{"line":41,"column":19}},"loc":{"start":{"line":41,"column":19},"end":{"line":43,"column":2}}},"4":{"name":"(anonymous_16)","decl":{"start":{"line":45,"column":14},"end":{"line":45,"column":18}},"loc":{"start":{"line":45,"column":18},"end":{"line":54,"column":null}}},"5":{"name":"(anonymous_18)","decl":{"start":{"line":56,"column":8},"end":{"line":56,"column":13}},"loc":{"start":{"line":56,"column":13},"end":{"line":58,"column":2}}}},"branchMap":{},"s":{"0":1,"1":1,"2":1,"3":1,"4":1,"5":1,"6":1,"7":1,"8":1,"9":1,"10":1,"11":1,"12":1,"13":1,"14":1,"15":1,"16":1,"17":1,"18":1,"19":1,"20":1,"21":1,"22":1,"23":1,"24":1,"25":1,"26":1,"27":1,"28":1},"f":{"0":1,"1":1,"2":1,"3":1,"4":1,"5":1},"b":{}}
,"/home/petrovich0103/Projects/node-dashboard-api/src/main.ts": {"path":"/home/petrovich0103/Projects/node-dashboard-api/src/main.ts","statementMap":{"0":{"start":{"line":1,"column":0},"end":{"line":1,"column":67}},"1":{"start":{"line":2,"column":0},"end":{"line":2,"column":28}},"2":{"start":{"line":3,"column":0},"end":{"line":3,"column":56}},"3":{"start":{"line":5,"column":0},"end":{"line":5,"column":58}},"4":{"start":{"line":6,"column":0},"end":{"line":6,"column":61}},"5":{"start":{"line":8,"column":0},"end":{"line":8,"column":56}},"6":{"start":{"line":9,"column":0},"end":{"line":9,"column":32}},"7":{"start":{"line":10,"column":0},"end":{"line":10,"column":41}},"8":{"start":{"line":12,"column":0},"end":{"line":12,"column":57}},"9":{"start":{"line":14,"column":0},"end":{"line":14,"column":51}},"10":{"start":{"line":22,"column":13},"end":{"line":35,"column":3}},"11":{"start":{"line":23,"column":1},"end":{"line":23,"column":67}},"12":{"start":{"line":24,"column":1},"end":{"line":24,"column":87}},"13":{"start":{"line":26,"column":1},"end":{"line":26,"column":83}},"14":{"start":{"line":27,"column":1},"end":{"line":27,"column":74}},"15":{"start":{"line":29,"column":1},"end":{"line":29,"column":80}},"16":{"start":{"line":31,"column":1},"end":{"line":31,"column":79}},"17":{"start":{"line":32,"column":1},"end":{"line":32,"column":83}},"18":{"start":{"line":34,"column":1},"end":{"line":34,"column":57}},"19":{"start":{"line":37,"column":18},"end":{"line":44,"column":2}},"20":{"start":{"line":37,"column":56},"end":{"line":44,"column":2}},"21":{"start":{"line":38,"column":22},"end":{"line":38,"column":37}},"22":{"start":{"line":39,"column":1},"end":{"line":39,"column":32}},"23":{"start":{"line":40,"column":13},"end":{"line":40,"column":53}},"24":{"start":{"line":41,"column":1},"end":{"line":41,"column":18}},"25":{"start":{"line":43,"column":1},"end":{"line":43,"column":30}},"26":{"start":{"line":46,"column":13},"end":{"line":46,"column":32}}},"fnMap":{"0":{"name":"(anonymous_7)","decl":{"start":{"line":22,"column":47},"end":{"line":22,"column":48}},"loc":{"start":{"line":22,"column":73},"end":{"line":35,"column":1}}},"1":{"name":"(anonymous_8)","decl":{"start":{"line":37,"column":18},"end":{"line":37,"column":54}},"loc":{"start":{"line":37,"column":56},"end":{"line":44,"column":2}}},"2":{"name":"(anonymous_9)","decl":{"start":{"line":37,"column":56},"end":{"line":37,"column":null}},"loc":{"start":{"line":37,"column":56},"end":{"line":44,"column":1}}}},"branchMap":{},"s":{"0":1,"1":1,"2":1,"3":1,"4":1,"5":1,"6":1,"7":1,"8":1,"9":1,"10":1,"11":1,"12":1,"13":1,"14":1,"15":1,"16":1,"17":1,"18":1,"19":1,"20":1,"21":1,"22":1,"23":1,"24":1,"25":1,"26":1},"f":{"0":1,"1":1,"2":1},"b":{}}
,"/home/petrovich0103/Projects/node-dashboard-api/src/types.ts": {"path":"/home/petrovich0103/Projects/node-dashboard-api/src/types.ts","statementMap":{"0":{"start":{"line":1,"column":13},"end":{"line":10,"column":2}}},"fnMap":{},"branchMap":{},"s":{"0":1},"f":{},"b":{}}
,"/home/petrovich0103/Projects/node-dashboard-api/src/common/auth.guard.middleware.ts": {"path":"/home/petrovich0103/Projects/node-dashboard-api/src/common/auth.guard.middleware.ts","statementMap":{"0":{"start":{"line":2,"column":0},"end":{"line":2,"column":38}},"1":{"start":{"line":8,"column":2},"end":{"line":10,"column":null}},"2":{"start":{"line":9,"column":3},"end":{"line":9,"column":66}},"3":{"start":{"line":12,"column":2},"end":{"line":12,"column":16}},"4":{"start":{"line":6,"column":0},"end":{"line":6,"column":13}}},"fnMap":{"0":{"name":"(anonymous_0)","decl":{"start":{"line":7,"column":1},"end":{"line":7,"column":8}},"loc":{"start":{"line":7,"column":56},"end":{"line":13,"column":2}}}},"branchMap":{"0":{"loc":{"start":{"line":8,"column":2},"end":{"line":10,"column":null}},"type":"if","locations":[{"start":{"line":8,"column":2},"end":{"line":10,"column":null}}]}},"s":{"0":1,"1":2,"2":1,"3":1,"4":1},"f":{"0":2},"b":{"0":[1]}}
,"/home/petrovich0103/Projects/node-dashboard-api/src/common/auth.middleware.ts": {"path":"/home/petrovich0103/Projects/node-dashboard-api/src/common/auth.middleware.ts","statementMap":{"0":{"start":{"line":2,"column":0},"end":{"line":2,"column":38}},"1":{"start":{"line":7,"column":30},"end":{"line":7,"column":44}},"2":{"start":{"line":10,"column":2},"end":{"line":10,"column":48}},"3":{"start":{"line":10,"column":34},"end":{"line":10,"column":48}},"4":{"start":{"line":12,"column":16},"end":{"line":12,"column":55}},"5":{"start":{"line":14,"column":2},"end":{"line":21,"column":5}},"6":{"start":{"line":15,"column":3},"end":{"line":15,"column":26}},"7":{"start":{"line":15,"column":12},"end":{"line":15,"column":26}},"8":{"start":{"line":16,"column":3},"end":{"line":20,"column":null}},"9":{"start":{"line":17,"column":4},"end":{"line":17,"column":29}},"10":{"start":{"line":19,"column":4},"end":{"line":19,"column":11}},"11":{"start":{"line":6,"column":0},"end":{"line":6,"column":13}}},"fnMap":{"0":{"name":"(anonymous_0)","decl":{"start":{"line":7,"column":1},"end":{"line":7,"column":30}},"loc":{"start":{"line":7,"column":44},"end":{"line":7,"column":48}}},"1":{"name":"(anonymous_1)","decl":{"start":{"line":9,"column":1},"end":{"line":9,"column":8}},"loc":{"start":{"line":9,"column":56},"end":{"line":22,"column":2}}},"2":{"name":"(anonymous_2)","decl":{"start":{"line":14,"column":29},"end":{"line":14,"column":30}},"loc":{"start":{"line":14,"column":46},"end":{"line":21,"column":3}}}},"branchMap":{"0":{"loc":{"start":{"line":10,"column":2},"end":{"line":10,"column":48}},"type":"if","locations":[{"start":{"line":10,"column":2},"end":{"line":10,"column":48}}]},"1":{"loc":{"start":{"line":15,"column":3},"end":{"line":15,"column":26}},"type":"if","locations":[{"start":{"line":15,"column":3},"end":{"line":15,"column":26}}]},"2":{"loc":{"start":{"line":16,"column":3},"end":{"line":20,"column":null}},"type":"if","locations":[{"start":{"line":16,"column":3},"end":{"line":20,"column":null}}]}},"s":{"0":1,"1":1,"2":6,"3":4,"4":2,"5":2,"6":2,"7":1,"8":1,"9":1,"10":1,"11":1},"f":{"0":1,"1":6,"2":2},"b":{"0":[4],"1":[1],"2":[1]}}
,"/home/petrovich0103/Projects/node-dashboard-api/src/common/base.controller.ts": {"path":"/home/petrovich0103/Projects/node-dashboard-api/src/common/base.controller.ts","statementMap":{"0":{"start":{"line":1,"column":0},"end":{"line":1,"column":43}},"1":{"start":{"line":2,"column":0},"end":{"line":2,"column":39}},"2":{"start":{"line":5,"column":0},"end":{"line":5,"column":26}},"3":{"start":{"line":14,"column":0},"end":{"line":51,"column":null}},"4":{"start":{"line":17,"column":21},"end":{"line":17,"column":36}},"5":{"start":{"line":18,"column":2},"end":{"line":18,"column":26}},"6":{"start":{"line":22,"column":2},"end":{"line":22,"column":22}},"7":{"start":{"line":26,"column":2},"end":{"line":26,"column":71}},"8":{"start":{"line":30,"column":2},"end":{"line":30,"column":49}},"9":{"start":{"line":34,"column":2},"end":{"line":34,"column":45}},"10":{"start":{"line":38,"column":2},"end":{"line":49,"column":5}},"11":{"start":{"line":39,"column":3},"end":{"line":39,"column":54}},"12":{"start":{"line":42,"column":23},"end":{"line":42,"column":71}},"13":{"start":{"line":42,"column":53},"end":{"line":42,"column":70}},"14":{"start":{"line":43,"column":19},"end":{"line":43,"column":40}},"15":{"start":{"line":46,"column":20},"end":{"line":46,"column":69}},"16":{"start":{"line":48,"column":3},"end":{"line":48,"column":51}},"17":{"start":{"line":14,"column":22},"end":{"line":51,"column":null}},"18":{"start":{"line":14,"column":22},"end":{"line":14,"column":36}}},"fnMap":{"0":{"name":"(anonymous_2)","decl":{"start":{"line":17,"column":1},"end":{"line":17,"column":21}},"loc":{"start":{"line":17,"column":36},"end":{"line":19,"column":2}}},"1":{"name":"(anonymous_3)","decl":{"start":{"line":21,"column":1},"end":{"line":21,"column":5}},"loc":{"start":{"line":21,"column":11},"end":{"line":23,"column":2}}},"2":{"name":"(anonymous_4)","decl":{"start":{"line":25,"column":8},"end":{"line":25,"column":12}},"loc":{"start":{"line":25,"column":61},"end":{"line":27,"column":2}}},"3":{"name":"(anonymous_5)","decl":{"start":{"line":29,"column":8},"end":{"line":29,"column":10}},"loc":{"start":{"line":29,"column":39},"end":{"line":31,"column":2}}},"4":{"name":"(anonymous_6)","decl":{"start":{"line":33,"column":8},"end":{"line":33,"column":15}},"loc":{"start":{"line":33,"column":29},"end":{"line":35,"column":2}}},"5":{"name":"(anonymous_7)","decl":{"start":{"line":37,"column":11},"end":{"line":37,"column":21}},"loc":{"start":{"line":37,"column":48},"end":{"line":50,"column":2}}},"6":{"name":"(anonymous_8)","decl":{"start":{"line":38,"column":17},"end":{"line":38,"column":18}},"loc":{"start":{"line":38,"column":27},"end":{"line":49,"column":3}}},"7":{"name":"(anonymous_9)","decl":{"start":{"line":42,"column":46},"end":{"line":42,"column":47}},"loc":{"start":{"line":42,"column":53},"end":{"line":42,"column":70}}}},"branchMap":{"0":{"loc":{"start":{"line":42,"column":23},"end":{"line":42,"column":71}},"type":"cond-expr","locations":[{"start":{"line":42,"column":40},"end":{"line":42,"column":42}},{"start":{"line":42,"column":40},"end":{"line":42,"column":71}}]},"1":{"loc":{"start":{"line":42,"column":23},"end":{"line":42,"column":42}},"type":"binary-expr","locations":[{"start":{"line":42,"column":23},"end":{"line":42,"column":42}},{"start":{"line":42,"column":40},"end":{"line":42,"column":42}}]},"2":{"loc":{"start":{"line":46,"column":20},"end":{"line":46,"column":69}},"type":"cond-expr","locations":[{"start":{"line":46,"column":34},"end":{"line":46,"column":59}},{"start":{"line":46,"column":62},"end":{"line":46,"column":69}}]}},"s":{"0":1,"1":1,"2":1,"3":1,"4":1,"5":1,"6":4,"7":3,"8":3,"9":0,"10":1,"11":3,"12":3,"13":3,"14":3,"15":3,"16":3,"17":1,"18":1},"f":{"0":1,"1":4,"2":3,"3":3,"4":0,"5":1,"6":3,"7":3},"b":{"0":[0,3],"1":[3,3],"2":[3,0]}}
,"/home/petrovich0103/Projects/node-dashboard-api/src/common/index.ts": {"path":"/home/petrovich0103/Projects/node-dashboard-api/src/common/index.ts","statementMap":{"0":{"start":{"line":1,"column":0},"end":{"line":1,"column":34}},"1":{"start":{"line":2,"column":0},"end":{"line":2,"column":34}}},"fnMap":{},"branchMap":{},"s":{"0":1,"1":1},"f":{},"b":{}}
,"/home/petrovich0103/Projects/node-dashboard-api/src/common/validate.moddleware.ts": {"path":"/home/petrovich0103/Projects/node-dashboard-api/src/common/validate.moddleware.ts","statementMap":{"0":{"start":{"line":2,"column":0},"end":{"line":2,"column":67}},"1":{"start":{"line":4,"column":0},"end":{"line":4,"column":43}},"2":{"start":{"line":5,"column":0},"end":{"line":5,"column":38}},"3":{"start":{"line":8,"column":21},"end":{"line":8,"column":62}},"4":{"start":{"line":12,"column":19},"end":{"line":12,"column":59}},"5":{"start":{"line":14,"column":2},"end":{"line":28,"column":5}},"6":{"start":{"line":15,"column":3},"end":{"line":27,"column":null}},"7":{"start":{"line":16,"column":20},"end":{"line":23,"column":15}},"8":{"start":{"line":18,"column":6},"end":{"line":18,"column":31}},"9":{"start":{"line":18,"column":24},"end":{"line":18,"column":31}},"10":{"start":{"line":19,"column":6},"end":{"line":21,"column":18}},"11":{"start":{"line":20,"column":19},"end":{"line":20,"column":20}},"12":{"start":{"line":24,"column":4},"end":{"line":24,"column":45}},"13":{"start":{"line":26,"column":4},"end":{"line":26,"column":18}},"14":{"start":{"line":7,"column":0},"end":{"line":7,"column":13}}},"fnMap":{"0":{"name":"(anonymous_0)","decl":{"start":{"line":8,"column":1},"end":{"line":8,"column":21}},"loc":{"start":{"line":8,"column":62},"end":{"line":8,"column":66}}},"1":{"name":"(anonymous_1)","decl":{"start":{"line":10,"column":1},"end":{"line":10,"column":8}},"loc":{"start":{"line":10,"column":61},"end":{"line":29,"column":2}}},"2":{"name":"(anonymous_2)","decl":{"start":{"line":14,"column":26},"end":{"line":14,"column":27}},"loc":{"start":{"line":14,"column":37},"end":{"line":28,"column":3}}},"3":{"name":"(anonymous_3)","decl":{"start":{"line":17,"column":11},"end":{"line":17,"column":12}},"loc":{"start":{"line":17,"column":31},"end":{"line":22,"column":6}}},"4":{"name":"(anonymous_4)","decl":{"start":{"line":20,"column":12},"end":{"line":20,"column":13}},"loc":{"start":{"line":20,"column":19},"end":{"line":20,"column":20}}}},"branchMap":{"0":{"loc":{"start":{"line":15,"column":3},"end":{"line":27,"column":null}},"type":"if","locations":[{"start":{"line":15,"column":3},"end":{"line":27,"column":null}},{"start":{"line":25,"column":10},"end":{"line":27,"column":null}}]},"1":{"loc":{"start":{"line":16,"column":20},"end":{"line":23,"column":15}},"type":"cond-expr","locations":[{"start":{"line":16,"column":26},"end":{"line":16,"column":null}},{"start":{"line":16,"column":20},"end":{"line":23,"column":15}}]},"2":{"loc":{"start":{"line":16,"column":20},"end":{"line":16,"column":null}},"type":"binary-expr","locations":[{"start":{"line":16,"column":20},"end":{"line":16,"column":null}},{"start":{"line":16,"column":20},"end":{"line":16,"column":null}}]},"3":{"loc":{"start":{"line":18,"column":6},"end":{"line":18,"column":31}},"type":"if","locations":[{"start":{"line":18,"column":6},"end":{"line":18,"column":31}}]}},"s":{"0":1,"1":1,"2":1,"3":2,"4":4,"5":4,"6":4,"7":1,"8":1,"9":0,"10":1,"11":1,"12":1,"13":3,"14":1},"f":{"0":2,"1":4,"2":4,"3":1,"4":1},"b":{"0":[1,3],"1":[0,1],"2":[1,1],"3":[0]}}
,"/home/petrovich0103/Projects/node-dashboard-api/src/config/config.service.ts": {"path":"/home/petrovich0103/Projects/node-dashboard-api/src/config/config.service.ts","statementMap":{"0":{"start":{"line":1,"column":0},"end":{"line":1,"column":71}},"1":{"start":{"line":2,"column":0},"end":{"line":2,"column":47}},"2":{"start":{"line":4,"column":0},"end":{"line":4,"column":33}},"3":{"start":{"line":8,"column":0},"end":{"line":25,"column":null}},"4":{"start":{"line":11,"column":53},"end":{"line":11,"column":68}},"5":{"start":{"line":12,"column":37},"end":{"line":12,"column":45}},"6":{"start":{"line":14,"column":2},"end":{"line":19,"column":null}},"7":{"start":{"line":15,"column":3},"end":{"line":15,"column":74}},"8":{"start":{"line":17,"column":3},"end":{"line":17,"column":61}},"9":{"start":{"line":18,"column":3},"end":{"line":18,"column":53}},"10":{"start":{"line":23,"column":2},"end":{"line":23,"column":27}},"11":{"start":{"line":8,"column":13},"end":{"line":25,"column":null}},"12":{"start":{"line":8,"column":13},"end":{"line":8,"column":26}}},"fnMap":{"0":{"name":"(anonymous_4)","decl":{"start":{"line":11,"column":1},"end":{"line":11,"column":14}},"loc":{"start":{"line":11,"column":68},"end":{"line":20,"column":2}}},"1":{"name":"(anonymous_5)","decl":{"start":{"line":22,"column":1},"end":{"line":22,"column":4}},"loc":{"start":{"line":22,"column":16},"end":{"line":24,"column":2}}}},"branchMap":{"0":{"loc":{"start":{"line":14,"column":2},"end":{"line":19,"column":null}},"type":"if","locations":[{"start":{"line":14,"column":2},"end":{"line":19,"column":null}},{"start":{"line":16,"column":9},"end":{"line":19,"column":null}}]}},"s":{"0":1,"1":1,"2":1,"3":1,"4":1,"5":1,"6":1,"7":0,"8":1,"9":1,"10":3,"11":1,"12":1},"f":{"0":1,"1":3},"b":{"0":[0,1]}}
,"/home/petrovich0103/Projects/node-dashboard-api/src/database/prisma.service.ts": {"path":"/home/petrovich0103/Projects/node-dashboard-api/src/database/prisma.service.ts","statementMap":{"0":{"start":{"line":1,"column":0},"end":{"line":1,"column":57}},"1":{"start":{"line":2,"column":0},"end":{"line":2,"column":47}},"2":{"start":{"line":4,"column":0},"end":{"line":4,"column":33}},"3":{"start":{"line":7,"column":0},"end":{"line":27,"column":null}},"4":{"start":{"line":10,"column":44},"end":{"line":10,"column":59}},"5":{"start":{"line":11,"column":2},"end":{"line":11,"column":35}},"6":{"start":{"line":15,"column":2},"end":{"line":21,"column":null}},"7":{"start":{"line":16,"column":3},"end":{"line":16,"column":32}},"8":{"start":{"line":17,"column":3},"end":{"line":17,"column":73}},"9":{"start":{"line":19,"column":3},"end":{"line":20,"column":88}},"10":{"start":{"line":25,"column":2},"end":{"line":25,"column":34}},"11":{"start":{"line":7,"column":13},"end":{"line":27,"column":null}},"12":{"start":{"line":7,"column":13},"end":{"line":7,"column":26}}},"fnMap":{"0":{"name":"(anonymous_11)","decl":{"start":{"line":10,"column":1},"end":{"line":10,"column":14}},"loc":{"start":{"line":10,"column":59},"end":{"line":12,"column":2}}},"1":{"name":"(anonymous_12)","decl":{"start":{"line":14,"column":7},"end":{"line":14,"column":14}},"loc":{"start":{"line":14,"column":14},"end":{"line":22,"column":null}}},"2":{"name":"(anonymous_14)","decl":{"start":{"line":24,"column":7},"end":{"line":24,"column":17}},"loc":{"start":{"line":24,"column":17},"end":{"line":26,"column":null}}}},"branchMap":{"0":{"loc":{"start":{"line":19,"column":3},"end":{"line":20,"column":87}},"type":"binary-expr","locations":[{"start":{"line":19,"column":3},"end":{"line":19,"column":21}},{"start":{"line":20,"column":4},"end":{"line":20,"column":87}}]}},"s":{"0":1,"1":1,"2":1,"3":1,"4":1,"5":1,"6":1,"7":1,"8":1,"9":0,"10":0,"11":1,"12":1},"f":{"0":1,"1":1,"2":0},"b":{"0":[0,0]}}
,"/home/petrovich0103/Projects/node-dashboard-api/src/errors/exception.filter.ts": {"path":"/home/petrovich0103/Projects/node-dashboard-api/src/errors/exception.filter.ts","statementMap":{"0":{"start":{"line":2,"column":0},"end":{"line":2,"column":47}},"1":{"start":{"line":3,"column":0},"end":{"line":3,"column":48}},"2":{"start":{"line":5,"column":0},"end":{"line":5,"column":33}},"3":{"start":{"line":6,"column":0},"end":{"line":6,"column":26}},"4":{"start":{"line":10,"column":0},"end":{"line":27,"column":null}},"5":{"start":{"line":11,"column":44},"end":{"line":11,"column":59}},"6":{"start":{"line":19,"column":2},"end":{"line":22,"column":null}},"7":{"start":{"line":20,"column":3},"end":{"line":20,"column":82}},"8":{"start":{"line":21,"column":3},"end":{"line":21,"column":66}},"9":{"start":{"line":24,"column":2},"end":{"line":24,"column":38}},"10":{"start":{"line":25,"column":2},"end":{"line":25,"column":54}},"11":{"start":{"line":10,"column":13},"end":{"line":27,"column":null}},"12":{"start":{"line":10,"column":13},"end":{"line":10,"column":28}}},"fnMap":{"0":{"name":"(anonymous_4)","decl":{"start":{"line":11,"column":1},"end":{"line":11,"column":14}},"loc":{"start":{"line":11,"column":59},"end":{"line":11,"column":63}}},"1":{"name":"(anonymous_5)","decl":{"start":{"line":13,"column":1},"end":{"line":13,"column":6}},"loc":{"start":{"line":17,"column":20},"end":{"line":26,"column":2}}}},"branchMap":{"0":{"loc":{"start":{"line":19,"column":2},"end":{"line":22,"column":null}},"type":"if","locations":[{"start":{"line":19,"column":2},"end":{"line":22,"column":null}}]}},"s":{"0":1,"1":1,"2":1,"3":1,"4":1,"5":1,"6":3,"7":3,"8":3,"9":0,"10":0,"11":1,"12":1},"f":{"0":1,"1":3},"b":{"0":[3]}}
,"/home/petrovich0103/Projects/node-dashboard-api/src/errors/http-error.class.ts": {"path":"/home/petrovich0103/Projects/node-dashboard-api/src/errors/http-error.class.ts","statementMap":{"0":{"start":{"line":6,"column":2},"end":{"line":6,"column":17}},"1":{"start":{"line":7,"column":2},"end":{"line":7,"column":31}},"2":{"start":{"line":8,"column":2},"end":{"line":8,"column":25}},"3":{"start":{"line":9,"column":2},"end":{"line":9,"column":25}},"4":{"start":{"line":1,"column":0},"end":{"line":1,"column":13}}},"fnMap":{"0":{"name":"(anonymous_0)","decl":{"start":{"line":5,"column":1},"end":{"line":5,"column":13}},"loc":{"start":{"line":5,"column":66},"end":{"line":10,"column":2}}}},"branchMap":{},"s":{"0":3,"1":3,"2":3,"3":3,"4":1},"f":{"0":3},"b":{}}
,"/home/petrovich0103/Projects/node-dashboard-api/src/errors/index.ts": {"path":"/home/petrovich0103/Projects/node-dashboard-api/src/errors/index.ts","statementMap":{"0":{"start":{"line":1,"column":0},"end":{"line":1,"column":35}},"1":{"start":{"line":2,"column":0},"end":{"line":2,"column":45}},"2":{"start":{"line":3,"column":0},"end":{"line":3,"column":35}}},"fnMap":{},"branchMap":{},"s":{"0":1,"1":1,"2":1},"f":{},"b":{}}
,"/home/petrovich0103/Projects/node-dashboard-api/src/logger/logger.service.ts": {"path":"/home/petrovich0103/Projects/node-dashboard-api/src/logger/logger.service.ts","statementMap":{"0":{"start":{"line":1,"column":0},"end":{"line":1,"column":39}},"1":{"start":{"line":2,"column":0},"end":{"line":2,"column":31}},"2":{"start":{"line":4,"column":0},"end":{"line":4,"column":26}},"3":{"start":{"line":7,"column":0},"end":{"line":30,"column":null}},"4":{"start":{"line":11,"column":2},"end":{"line":16,"column":5}},"5":{"start":{"line":20,"column":2},"end":{"line":20,"column":28}},"6":{"start":{"line":24,"column":2},"end":{"line":24,"column":29}},"7":{"start":{"line":28,"column":2},"end":{"line":28,"column":28}},"8":{"start":{"line":7,"column":13},"end":{"line":30,"column":null}},"9":{"start":{"line":7,"column":13},"end":{"line":7,"column":26}}},"fnMap":{"0":{"name":"(anonymous_2)","decl":{"start":{"line":10,"column":1},"end":{"line":10,"column":null}},"loc":{"start":{"line":10,"column":1},"end":{"line":17,"column":2}}},"1":{"name":"(anonymous_3)","decl":{"start":{"line":19,"column":1},"end":{"line":19,"column":4}},"loc":{"start":{"line":19,"column":23},"end":{"line":21,"column":2}}},"2":{"name":"(anonymous_4)","decl":{"start":{"line":23,"column":1},"end":{"line":23,"column":6}},"loc":{"start":{"line":23,"column":25},"end":{"line":25,"column":2}}},"3":{"name":"(anonymous_5)","decl":{"start":{"line":27,"column":1},"end":{"line":27,"column":5}},"loc":{"start":{"line":27,"column":24},"end":{"line":29,"column":2}}}},"branchMap":{},"s":{"0":1,"1":1,"2":1,"3":1,"4":1,"5":6,"6":3,"7":0,"8":1,"9":1},"f":{"0":1,"1":6,"2":3,"3":0},"b":{}}
,"/home/petrovich0103/Projects/node-dashboard-api/src/users/index.ts": {"path":"/home/petrovich0103/Projects/node-dashboard-api/src/users/index.ts","statementMap":{"0":{"start":{"line":1,"column":0},"end":{"line":1,"column":34}}},"fnMap":{},"branchMap":{},"s":{"0":1},"f":{},"b":{}}
,"/home/petrovich0103/Projects/node-dashboard-api/src/users/user.controller.ts": {"path":"/home/petrovich0103/Projects/node-dashboard-api/src/users/user.controller.ts","statementMap":{"0":{"start":{"line":1,"column":0},"end":{"line":1,"column":26}},"1":{"start":{"line":4,"column":0},"end":{"line":4,"column":47}},"2":{"start":{"line":5,"column":0},"end":{"line":5,"column":36}},"3":{"start":{"line":7,"column":0},"end":{"line":7,"column":43}},"4":{"start":{"line":8,"column":0},"end":{"line":8,"column":67}},"5":{"start":{"line":10,"column":0},"end":{"line":10,"column":38}},"6":{"start":{"line":12,"column":0},"end":{"line":12,"column":33}},"7":{"start":{"line":13,"column":0},"end":{"line":13,"column":54}},"8":{"start":{"line":16,"column":0},"end":{"line":16,"column":70}},"9":{"start":{"line":19,"column":0},"end":{"line":97,"column":null}},"10":{"start":{"line":25,"column":2},"end":{"line":25,"column":23}},"11":{"start":{"line":21,"column":33},"end":{"line":21,"column":55}},"12":{"start":{"line":22,"column":37},"end":{"line":22,"column":62}},"13":{"start":{"line":23,"column":39},"end":{"line":23,"column":68}},"14":{"start":{"line":26,"column":2},"end":{"line":45,"column":5}},"15":{"start":{"line":53,"column":31},"end":{"line":53,"column":72}},"16":{"start":{"line":55,"column":2},"end":{"line":57,"column":null}},"17":{"start":{"line":56,"column":3},"end":{"line":56,"column":57}},"18":{"start":{"line":59,"column":14},"end":{"line":59,"column":82}},"19":{"start":{"line":61,"column":2},"end":{"line":61,"column":24}},"20":{"start":{"line":69,"column":15},"end":{"line":69,"column":54}},"21":{"start":{"line":71,"column":2},"end":{"line":73,"column":null}},"22":{"start":{"line":72,"column":3},"end":{"line":72,"column":77}},"23":{"start":{"line":75,"column":2},"end":{"line":75,"column":51}},"24":{"start":{"line":79,"column":19},"end":{"line":79,"column":59}},"25":{"start":{"line":81,"column":2},"end":{"line":81,"column":61}},"26":{"start":{"line":85,"column":2},"end":{"line":95,"column":5}},"27":{"start":{"line":86,"column":3},"end":{"line":94,"column":5}},"28":{"start":{"line":91,"column":5},"end":{"line":91,"column":33}},"29":{"start":{"line":91,"column":14},"end":{"line":91,"column":33}},"30":{"start":{"line":92,"column":5},"end":{"line":92,"column":37}},"31":{"start":{"line":19,"column":13},"end":{"line":97,"column":null}},"32":{"start":{"line":19,"column":13},"end":{"line":19,"column":27}}},"fnMap":{"0":{"name":"(anonymous_11)","decl":{"start":{"line":20,"column":1},"end":{"line":20,"column":null}},"loc":{"start":{"line":23,"column":68},"end":{"line":46,"column":2}}},"1":{"name":"(anonymous_12)","decl":{"start":{"line":48,"column":7},"end":{"line":48,"column":13}},"loc":{"start":{"line":51,"column":20},"end":{"line":62,"column":null}}},"2":{"name":"(anonymous_14)","decl":{"start":{"line":64,"column":7},"end":{"line":64,"column":13}},"loc":{"start":{"line":67,"column":20},"end":{"line":76,"column":null}}},"3":{"name":"(anonymous_16)","decl":{"start":{"line":78,"column":7},"end":{"line":78,"column":11}},"loc":{"start":{"line":78,"column":64},"end":{"line":82,"column":null}}},"4":{"name":"(anonymous_18)","decl":{"start":{"line":84,"column":9},"end":{"line":84,"column":16}},"loc":{"start":{"line":84,"column":46},"end":{"line":96,"column":2}}},"5":{"name":"(anonymous_19)","decl":{"start":{"line":85,"column":29},"end":{"line":85,"column":30}},"loc":{"start":{"line":85,"column":49},"end":{"line":95,"column":3}}},"6":{"name":"(anonymous_20)","decl":{"start":{"line":90,"column":4},"end":{"line":90,"column":5}},"loc":{"start":{"line":90,"column":19},"end":{"line":93,"column":5}}}},"branchMap":{"0":{"loc":{"start":{"line":55,"column":2},"end":{"line":57,"column":null}},"type":"if","locations":[{"start":{"line":55,"column":2},"end":{"line":57,"column":null}}]},"1":{"loc":{"start":{"line":71,"column":2},"end":{"line":73,"column":null}},"type":"if","locations":[{"start":{"line":71,"column":2},"end":{"line":73,"column":null}}]},"2":{"loc":{"start":{"line":81,"column":24},"end":{"line":81,"column":39}},"type":"cond-expr","locations":[{"start":{"line":81,"column":32},"end":{"line":81,"column":34}},{"start":{"line":81,"column":24},"end":{"line":81,"column":39}}]},"3":{"loc":{"start":{"line":81,"column":24},"end":{"line":81,"column":34}},"type":"binary-expr","locations":[{"start":{"line":81,"column":24},"end":{"line":81,"column":34}},{"start":{"line":81,"column":24},"end":{"line":81,"column":34}}]},"4":{"loc":{"start":{"line":81,"column":45},"end":{"line":81,"column":57}},"type":"cond-expr","locations":[{"start":{"line":81,"column":53},"end":{"line":81,"column":55}},{"start":{"line":81,"column":45},"end":{"line":81,"column":57}}]},"5":{"loc":{"start":{"line":81,"column":45},"end":{"line":81,"column":55}},"type":"binary-expr","locations":[{"start":{"line":81,"column":45},"end":{"line":81,"column":55}},{"start":{"line":81,"column":45},"end":{"line":81,"column":55}}]},"6":{"loc":{"start":{"line":91,"column":5},"end":{"line":91,"column":33}},"type":"if","locations":[{"start":{"line":91,"column":5},"end":{"line":91,"column":33}}]}},"s":{"0":1,"1":1,"2":1,"3":1,"4":1,"5":1,"6":1,"7":1,"8":1,"9":1,"10":1,"11":1,"12":1,"13":1,"14":1,"15":3,"16":3,"17":1,"18":2,"19":2,"20":0,"21":0,"22":0,"23":0,"24":1,"25":1,"26":2,"27":2,"28":2,"29":0,"30":2,"31":1,"32":1},"f":{"0":1,"1":3,"2":0,"3":1,"4":2,"5":2,"6":2},"b":{"0":[1],"1":[0],"2":[0,1],"3":[1,1],"4":[0,1],"5":[1,1],"6":[0]}}
,"/home/petrovich0103/Projects/node-dashboard-api/src/users/user.entity.ts": {"path":"/home/petrovich0103/Projects/node-dashboard-api/src/users/user.entity.ts","statementMap":{"0":{"start":{"line":1,"column":0},"end":{"line":1,"column":41}},"1":{"start":{"line":7,"column":19},"end":{"line":7,"column":33}},"2":{"start":{"line":8,"column":19},"end":{"line":8,"column":32}},"3":{"start":{"line":11,"column":2},"end":{"line":13,"column":null}},"4":{"start":{"line":12,"column":3},"end":{"line":12,"column":33}},"5":{"start":{"line":17,"column":2},"end":{"line":17,"column":21}},"6":{"start":{"line":21,"column":2},"end":{"line":21,"column":20}},"7":{"start":{"line":25,"column":2},"end":{"line":25,"column":24}},"8":{"start":{"line":29,"column":2},"end":{"line":29,"column":46}},"9":{"start":{"line":33,"column":2},"end":{"line":33,"column":49}},"10":{"start":{"line":3,"column":0},"end":{"line":3,"column":13}}},"fnMap":{"0":{"name":"(anonymous_7)","decl":{"start":{"line":6,"column":1},"end":{"line":6,"column":null}},"loc":{"start":{"line":9,"column":23},"end":{"line":14,"column":2}}},"1":{"name":"(anonymous_8)","decl":{"start":{"line":16,"column":1},"end":{"line":16,"column":5}},"loc":{"start":{"line":16,"column":10},"end":{"line":18,"column":2}}},"2":{"name":"(anonymous_9)","decl":{"start":{"line":20,"column":1},"end":{"line":20,"column":5}},"loc":{"start":{"line":20,"column":9},"end":{"line":22,"column":2}}},"3":{"name":"(anonymous_10)","decl":{"start":{"line":24,"column":1},"end":{"line":24,"column":5}},"loc":{"start":{"line":24,"column":13},"end":{"line":26,"column":2}}},"4":{"name":"(anonymous_11)","decl":{"start":{"line":28,"column":14},"end":{"line":28,"column":25}},"loc":{"start":{"line":28,"column":56},"end":{"line":30,"column":null}}},"5":{"name":"(anonymous_13)","decl":{"start":{"line":32,"column":14},"end":{"line":32,"column":30}},"loc":{"start":{"line":32,"column":47},"end":{"line":34,"column":null}}}},"branchMap":{"0":{"loc":{"start":{"line":11,"column":2},"end":{"line":13,"column":null}},"type":"if","locations":[{"start":{"line":11,"column":2},"end":{"line":13,"column":null}}]}},"s":{"0":1,"1":3,"2":3,"3":3,"4":3,"5":0,"6":0,"7":0,"8":0,"9":3,"10":1},"f":{"0":3,"1":0,"2":0,"3":0,"4":0,"5":3},"b":{"0":[3]}}
,"/home/petrovich0103/Projects/node-dashboard-api/src/users/user.repository.ts": {"path":"/home/petrovich0103/Projects/node-dashboard-api/src/users/user.repository.ts","statementMap":{"0":{"start":{"line":2,"column":0},"end":{"line":2,"column":47}},"1":{"start":{"line":3,"column":0},"end":{"line":3,"column":59}},"2":{"start":{"line":4,"column":0},"end":{"line":4,"column":33}},"3":{"start":{"line":9,"column":0},"end":{"line":19,"column":null}},"4":{"start":{"line":10,"column":50},"end":{"line":10,"column":65}},"5":{"start":{"line":13,"column":2},"end":{"line":13,"column":89}},"6":{"start":{"line":17,"column":2},"end":{"line":17,"column":77}},"7":{"start":{"line":9,"column":13},"end":{"line":19,"column":null}},"8":{"start":{"line":9,"column":13},"end":{"line":9,"column":27}}},"fnMap":{"0":{"name":"(anonymous_11)","decl":{"start":{"line":10,"column":1},"end":{"line":10,"column":14}},"loc":{"start":{"line":10,"column":78},"end":{"line":10,"column":82}}},"1":{"name":"(anonymous_12)","decl":{"start":{"line":12,"column":7},"end":{"line":12,"column":13}},"loc":{"start":{"line":12,"column":45},"end":{"line":14,"column":null}}},"2":{"name":"(anonymous_14)","decl":{"start":{"line":16,"column":7},"end":{"line":16,"column":11}},"loc":{"start":{"line":16,"column":25},"end":{"line":18,"column":null}}}},"branchMap":{},"s":{"0":1,"1":1,"2":1,"3":1,"4":1,"5":0,"6":4,"7":1,"8":1},"f":{"0":1,"1":0,"2":4},"b":{}}
,"/home/petrovich0103/Projects/node-dashboard-api/src/users/user.service.ts": {"path":"/home/petrovich0103/Projects/node-dashboard-api/src/users/user.service.ts","statementMap":{"0":{"start":{"line":1,"column":0},"end":{"line":1,"column":47}},"1":{"start":{"line":6,"column":0},"end":{"line":6,"column":33}},"2":{"start":{"line":8,"column":0},"end":{"line":8,"column":37}},"3":{"start":{"line":13,"column":0},"end":{"line":43,"column":null}},"4":{"start":{"line":15,"column":39},"end":{"line":15,"column":68}},"5":{"start":{"line":16,"column":40},"end":{"line":16,"column":71}},"6":{"start":{"line":20,"column":15},"end":{"line":20,"column":36}},"7":{"start":{"line":21,"column":15},"end":{"line":21,"column":62}},"8":{"start":{"line":22,"column":2},"end":{"line":22,"column":41}},"9":{"start":{"line":24,"column":22},"end":{"line":24,"column":59}},"10":{"start":{"line":25,"column":2},"end":{"line":25,"column":31}},"11":{"start":{"line":25,"column":19},"end":{"line":25,"column":31}},"12":{"start":{"line":27,"column":2},"end":{"line":27,"column":48}},"13":{"start":{"line":31,"column":20},"end":{"line":31,"column":57}},"14":{"start":{"line":33,"column":2},"end":{"line":33,"column":31}},"15":{"start":{"line":33,"column":18},"end":{"line":33,"column":31}},"16":{"start":{"line":35,"column":15},"end":{"line":35,"column":76}},"17":{"start":{"line":37,"column":2},"end":{"line":37,"column":47}},"18":{"start":{"line":41,"column":2},"end":{"line":41,"column":47}},"19":{"start":{"line":13,"column":13},"end":{"line":43,"column":null}},"20":{"start":{"line":13,"column":13},"end":{"line":13,"column":24}}},"fnMap":{"0":{"name":"(anonymous_11)","decl":{"start":{"line":14,"column":1},"end":{"line":14,"column":null}},"loc":{"start":{"line":16,"column":71},"end":{"line":17,"column":5}}},"1":{"name":"(anonymous_12)","decl":{"start":{"line":19,"column":7},"end":{"line":19,"column":17}},"loc":{"start":{"line":19,"column":60},"end":{"line":28,"column":null}}},"2":{"name":"(anonymous_14)","decl":{"start":{"line":30,"column":7},"end":{"line":30,"column":19}},"loc":{"start":{"line":30,"column":53},"end":{"line":38,"column":null}}},"3":{"name":"(anonymous_16)","decl":{"start":{"line":40,"column":7},"end":{"line":40,"column":18}},"loc":{"start":{"line":40,"column":32},"end":{"line":42,"column":null}}}},"branchMap":{"0":{"loc":{"start":{"line":25,"column":2},"end":{"line":25,"column":31}},"type":"if","locations":[{"start":{"line":25,"column":2},"end":{"line":25,"column":31}}]},"1":{"loc":{"start":{"line":33,"column":2},"end":{"line":33,"column":31}},"type":"if","locations":[{"start":{"line":33,"column":2},"end":{"line":33,"column":31}}]}},"s":{"0":1,"1":1,"2":1,"3":1,"4":1,"5":1,"6":0,"7":0,"8":0,"9":0,"10":0,"11":0,"12":0,"13":3,"14":3,"15":0,"16":3,"17":3,"18":1,"19":1,"20":1},"f":{"0":1,"1":0,"2":3,"3":1},"b":{"0":[0],"1":[0]}}
,"/home/petrovich0103/Projects/node-dashboard-api/src/users/dto/index.ts": {"path":"/home/petrovich0103/Projects/node-dashboard-api/src/users/dto/index.ts","statementMap":{"0":{"start":{"line":1,"column":0},"end":{"line":1,"column":33}},"1":{"start":{"line":2,"column":0},"end":{"line":2,"column":36}}},"fnMap":{},"branchMap":{},"s":{"0":1,"1":1},"f":{},"b":{}}
,"/home/petrovich0103/Projects/node-dashboard-api/src/users/dto/user-login.dto.ts": {"path":"/home/petrovich0103/Projects/node-dashboard-api/src/users/dto/user-login.dto.ts","statementMap":{"0":{"start":{"line":1,"column":0},"end":{"line":1,"column":63}},"1":{"start":{"line":5,"column":1},"end":{"line":5,"column":null}},"2":{"start":{"line":9,"column":1},"end":{"line":9,"column":null}},"3":{"start":{"line":3,"column":0},"end":{"line":3,"column":13}}},"fnMap":{},"branchMap":{},"s":{"0":1,"1":1,"2":1,"3":1},"f":{},"b":{}}
,"/home/petrovich0103/Projects/node-dashboard-api/src/users/dto/user-register.dto.ts": {"path":"/home/petrovich0103/Projects/node-dashboard-api/src/users/dto/user-register.dto.ts","statementMap":{"0":{"start":{"line":1,"column":0},"end":{"line":1,"column":63}},"1":{"start":{"line":5,"column":1},"end":{"line":5,"column":null}},"2":{"start":{"line":9,"column":1},"end":{"line":9,"column":null}},"3":{"start":{"line":12,"column":1},"end":{"line":12,"column":null}},"4":{"start":{"line":3,"column":0},"end":{"line":3,"column":13}}},"fnMap":{},"branchMap":{},"s":{"0":1,"1":1,"2":1,"3":1,"4":1},"f":{},"b":{}}
}
