TN:
SF:src/app.ts
FN:19,(anonymous_12)
FN:30,(anonymous_13)
FN:37,(anonymous_14)
FN:41,(anonymous_15)
FN:45,(anonymous_16)
FN:56,(anonymous_18)
FNF:6
FNH:6
FNDA:1,(anonymous_12)
FNDA:1,(anonymous_13)
FNDA:1,(anonymous_14)
FNDA:1,(anonymous_15)
FNDA:1,(anonymous_16)
FNDA:1,(anonymous_18)
DA:1,1
DA:3,1
DA:6,1
DA:7,1
DA:9,1
DA:10,1
DA:11,1
DA:14,1
DA:20,1
DA:21,1
DA:22,1
DA:23,1
DA:24,1
DA:26,1
DA:27,1
DA:31,1
DA:33,1
DA:34,1
DA:38,1
DA:42,1
DA:46,1
DA:47,1
DA:48,1
DA:50,1
DA:52,1
DA:53,1
DA:57,1
LF:27
LH:27
BRF:0
BRH:0
end_of_record
TN:
SF:src/main.ts
FN:22,(anonymous_7)
FN:37,(anonymous_8)
FN:37,(anonymous_9)
FNF:3
FNH:3
FNDA:1,(anonymous_7)
FNDA:1,(anonymous_8)
FNDA:1,(anonymous_9)
DA:1,1
DA:2,1
DA:3,1
DA:5,1
DA:6,1
DA:8,1
DA:9,1
DA:10,1
DA:12,1
DA:14,1
DA:22,1
DA:23,1
DA:24,1
DA:26,1
DA:27,1
DA:29,1
DA:31,1
DA:32,1
DA:34,1
DA:37,1
DA:38,1
DA:39,1
DA:40,1
DA:41,1
DA:43,1
DA:46,1
LF:26
LH:26
BRF:0
BRH:0
end_of_record
TN:
SF:src/types.ts
FNF:0
FNH:0
DA:1,1
LF:1
LH:1
BRF:0
BRH:0
end_of_record
TN:
SF:src/common/auth.guard.middleware.ts
FN:7,(anonymous_0)
FNF:1
FNH:1
FNDA:2,(anonymous_0)
DA:2,1
DA:6,1
DA:8,2
DA:9,1
DA:12,1
LF:5
LH:5
BRDA:8,0,0,1
BRF:1
BRH:1
end_of_record
TN:
SF:src/common/auth.middleware.ts
FN:7,(anonymous_0)
FN:9,(anonymous_1)
FN:14,(anonymous_2)
FNF:3
FNH:3
FNDA:1,(anonymous_0)
FNDA:6,(anonymous_1)
FNDA:2,(anonymous_2)
DA:2,1
DA:6,1
DA:7,1
DA:10,6
DA:12,2
DA:14,2
DA:15,2
DA:16,1
DA:17,1
DA:19,1
LF:10
LH:10
BRDA:10,0,0,4
BRDA:15,1,0,1
BRDA:16,2,0,1
BRF:3
BRH:3
end_of_record
TN:
SF:src/common/base.controller.ts
FN:17,(anonymous_2)
FN:21,(anonymous_3)
FN:25,(anonymous_4)
FN:29,(anonymous_5)
FN:33,(anonymous_6)
FN:37,(anonymous_7)
FN:38,(anonymous_8)
FN:42,(anonymous_9)
FNF:8
FNH:7
FNDA:1,(anonymous_2)
FNDA:4,(anonymous_3)
FNDA:3,(anonymous_4)
FNDA:3,(anonymous_5)
FNDA:0,(anonymous_6)
FNDA:1,(anonymous_7)
FNDA:3,(anonymous_8)
FNDA:3,(anonymous_9)
DA:1,1
DA:2,1
DA:5,1
DA:14,1
DA:17,1
DA:18,1
DA:22,4
DA:26,3
DA:30,3
DA:34,0
DA:38,1
DA:39,3
DA:42,3
DA:43,3
DA:46,3
DA:48,3
LF:16
LH:15
BRDA:42,0,0,0
BRDA:42,0,1,3
BRDA:42,1,0,3
BRDA:42,1,1,3
BRDA:46,2,0,3
BRDA:46,2,1,0
BRF:6
BRH:4
end_of_record
TN:
SF:src/common/index.ts
FNF:0
FNH:0
DA:1,1
DA:2,1
LF:2
LH:2
BRF:0
BRH:0
end_of_record
TN:
SF:src/common/validate.moddleware.ts
FN:8,(anonymous_0)
FN:10,(anonymous_1)
FN:14,(anonymous_2)
FN:17,(anonymous_3)
FN:20,(anonymous_4)
FNF:5
FNH:5
FNDA:2,(anonymous_0)
FNDA:4,(anonymous_1)
FNDA:4,(anonymous_2)
FNDA:1,(anonymous_3)
FNDA:1,(anonymous_4)
DA:2,1
DA:4,1
DA:5,1
DA:7,1
DA:8,2
DA:12,4
DA:14,4
DA:15,4
DA:16,1
DA:18,1
DA:19,1
DA:20,1
DA:24,1
DA:26,3
LF:14
LH:14
BRDA:15,0,0,1
BRDA:15,0,1,3
BRDA:16,1,0,0
BRDA:16,1,1,1
BRDA:16,2,0,1
BRDA:16,2,1,1
BRDA:18,3,0,0
BRF:7
BRH:5
end_of_record
TN:
SF:src/config/config.service.ts
FN:11,(anonymous_4)
FN:22,(anonymous_5)
FNF:2
FNH:2
FNDA:1,(anonymous_4)
FNDA:3,(anonymous_5)
DA:1,1
DA:2,1
DA:4,1
DA:8,1
DA:11,1
DA:12,1
DA:14,1
DA:15,0
DA:17,1
DA:18,1
DA:23,3
LF:11
LH:10
BRDA:14,0,0,0
BRDA:14,0,1,1
BRF:2
BRH:1
end_of_record
TN:
SF:src/database/prisma.service.ts
FN:10,(anonymous_11)
FN:14,(anonymous_12)
FN:24,(anonymous_14)
FNF:3
FNH:2
FNDA:1,(anonymous_11)
FNDA:1,(anonymous_12)
FNDA:0,(anonymous_14)
DA:1,1
DA:2,1
DA:4,1
DA:7,1
DA:10,1
DA:11,1
DA:15,1
DA:16,1
DA:17,1
DA:19,0
DA:25,0
LF:11
LH:9
BRDA:19,0,0,0
BRDA:19,0,1,0
BRF:2
BRH:0
end_of_record
TN:
SF:src/errors/exception.filter.ts
FN:11,(anonymous_4)
FN:13,(anonymous_5)
FNF:2
FNH:2
FNDA:1,(anonymous_4)
FNDA:3,(anonymous_5)
DA:2,1
DA:3,1
DA:5,1
DA:6,1
DA:10,1
DA:11,1
DA:19,3
DA:20,3
DA:21,3
DA:24,0
DA:25,0
LF:11
LH:9
BRDA:19,0,0,3
BRF:1
BRH:1
end_of_record
TN:
SF:src/errors/http-error.class.ts
FN:5,(anonymous_0)
FNF:1
FNH:1
FNDA:3,(anonymous_0)
DA:1,1
DA:6,3
DA:7,3
DA:8,3
DA:9,3
LF:5
LH:5
BRF:0
BRH:0
end_of_record
TN:
SF:src/errors/index.ts
FNF:0
FNH:0
DA:1,1
DA:2,1
DA:3,1
LF:3
LH:3
BRF:0
BRH:0
end_of_record
TN:
SF:src/logger/logger.service.ts
FN:10,(anonymous_2)
FN:19,(anonymous_3)
FN:23,(anonymous_4)
FN:27,(anonymous_5)
FNF:4
FNH:3
FNDA:1,(anonymous_2)
FNDA:6,(anonymous_3)
FNDA:3,(anonymous_4)
FNDA:0,(anonymous_5)
DA:1,1
DA:2,1
DA:4,1
DA:7,1
DA:11,1
DA:20,6
DA:24,3
DA:28,0
LF:8
LH:7
BRF:0
BRH:0
end_of_record
TN:
SF:src/users/index.ts
FNF:0
FNH:0
DA:1,1
LF:1
LH:1
BRF:0
BRH:0
end_of_record
TN:
SF:src/users/user.controller.ts
FN:20,(anonymous_11)
FN:48,(anonymous_12)
FN:64,(anonymous_14)
FN:78,(anonymous_16)
FN:84,(anonymous_18)
FN:85,(anonymous_19)
FN:90,(anonymous_20)
FNF:7
FNH:6
FNDA:1,(anonymous_11)
FNDA:3,(anonymous_12)
FNDA:0,(anonymous_14)
FNDA:1,(anonymous_16)
FNDA:2,(anonymous_18)
FNDA:2,(anonymous_19)
FNDA:2,(anonymous_20)
DA:1,1
DA:4,1
DA:5,1
DA:7,1
DA:8,1
DA:10,1
DA:12,1
DA:13,1
DA:16,1
DA:19,1
DA:21,1
DA:22,1
DA:23,1
DA:25,1
DA:26,1
DA:53,3
DA:55,3
DA:56,1
DA:59,2
DA:61,2
DA:69,0
DA:71,0
DA:72,0
DA:75,0
DA:79,1
DA:81,1
DA:85,2
DA:86,2
DA:91,2
DA:92,2
LF:30
LH:26
BRDA:55,0,0,1
BRDA:71,1,0,0
BRDA:81,2,0,0
BRDA:81,2,1,1
BRDA:81,3,0,1
BRDA:81,3,1,1
BRDA:81,4,0,0
BRDA:81,4,1,1
BRDA:81,5,0,1
BRDA:81,5,1,1
BRDA:91,6,0,0
BRF:11
BRH:7
end_of_record
TN:
SF:src/users/user.entity.ts
FN:6,(anonymous_7)
FN:16,(anonymous_8)
FN:20,(anonymous_9)
FN:24,(anonymous_10)
FN:28,(anonymous_11)
FN:32,(anonymous_13)
FNF:6
FNH:2
FNDA:3,(anonymous_7)
FNDA:0,(anonymous_8)
FNDA:0,(anonymous_9)
FNDA:0,(anonymous_10)
FNDA:0,(anonymous_11)
FNDA:3,(anonymous_13)
DA:1,1
DA:3,1
DA:7,3
DA:8,3
DA:11,3
DA:12,3
DA:17,0
DA:21,0
DA:25,0
DA:29,0
DA:33,3
LF:11
LH:7
BRDA:11,0,0,3
BRF:1
BRH:1
end_of_record
TN:
SF:src/users/user.repository.ts
FN:10,(anonymous_11)
FN:12,(anonymous_12)
FN:16,(anonymous_14)
FNF:3
FNH:2
FNDA:1,(anonymous_11)
FNDA:0,(anonymous_12)
FNDA:4,(anonymous_14)
DA:2,1
DA:3,1
DA:4,1
DA:9,1
DA:10,1
DA:13,0
DA:17,4
LF:7
LH:6
BRF:0
BRH:0
end_of_record
TN:
SF:src/users/user.service.ts
FN:14,(anonymous_11)
FN:19,(anonymous_12)
FN:30,(anonymous_14)
FN:40,(anonymous_16)
FNF:4
FNH:3
FNDA:1,(anonymous_11)
FNDA:0,(anonymous_12)
FNDA:3,(anonymous_14)
FNDA:1,(anonymous_16)
DA:1,1
DA:6,1
DA:8,1
DA:13,1
DA:15,1
DA:16,1
DA:20,0
DA:21,0
DA:22,0
DA:24,0
DA:25,0
DA:27,0
DA:31,3
DA:33,3
DA:35,3
DA:37,3
DA:41,1
LF:17
LH:11
BRDA:25,0,0,0
BRDA:33,1,0,0
BRF:2
BRH:0
end_of_record
TN:
SF:src/users/dto/index.ts
FNF:0
FNH:0
DA:1,1
DA:2,1
LF:2
LH:2
BRF:0
BRH:0
end_of_record
TN:
SF:src/users/dto/user-login.dto.ts
FNF:0
FNH:0
DA:1,1
DA:3,1
DA:5,1
DA:9,1
LF:4
LH:4
BRF:0
BRH:0
end_of_record
TN:
SF:src/users/dto/user-register.dto.ts
FNF:0
FNH:0
DA:1,1
DA:3,1
DA:5,1
DA:9,1
DA:12,1
LF:5
LH:5
BRF:0
BRH:0
end_of_record
